{
  "0 debug pnpm:scope": {
    "selected": 1
  },
  "1 info pnpm": {
    "err": {
      "name": "Error",
      "message": "Command failed with ENOENT: i]\nspawn i] ENOENT",
      "code": "ENOENT",
      "stack": "Error: Command failed with ENOENT: i]\nspawn i] ENOENT\n    at Process.ChildProcess._handle.onexit (internal/child_process.js:269:19)\n    at onErrorNT (internal/child_process.js:467:16)\n    at processTicksAndRejections (internal/process/task_queues.js:82:21)"
    }
  },
  "2 error pnpm": {
    "errno": -2,
    "code": "ERR_PNPM_RECURSIVE_EXEC_FIRST_FAIL",
    "syscall": "spawn i]",
    "path": "i]",
    "spawnargs": [],
    "originalMessage": "spawn i] ENOENT",
    "shortMessage": "Command failed with ENOENT: i]\nspawn i] ENOENT",
    "command": "i]",
    "escapedCommand": "\"i]\"",
    "failed": true,
    "timedOut": false,
    "isCanceled": false,
    "killed": false,
    "prefix": "/home/distil/Documents/pro/factovia/web",
    "err": {
      "name": "Error",
      "message": "Command failed with ENOENT: i]\nspawn i] ENOENT",
      "code": "ERR_PNPM_RECURSIVE_EXEC_FIRST_FAIL",
      "stack": "Error: Command failed with ENOENT: i]\nspawn i] ENOENT\n    at Process.ChildProcess._handle.onexit (internal/child_process.js:269:19)\n    at onErrorNT (internal/child_process.js:467:16)\n    at processTicksAndRejections (internal/process/task_queues.js:82:21)"
    }
  }
}